<?xml version="1.0" encoding="UTF-8"?>
<testsuite name="com.marylandweatherapp.AdminSpec" tests="1" skipped="0" failures="0" errors="0" timestamp="2017-03-16T19:50:32" hostname="oevbuoma-XPS-L421X" time="3.262">
  <properties/>
  <testcase name="test something" classname="com.marylandweatherapp.AdminSpec" time="3.262"/>
  <system-out><![CDATA[]]></system-out>
  <system-err><![CDATA[]]></system-err>
</testsuite>
