<?xml version="1.0" encoding="UTF-8"?>
<testsuite name="com.marylandweatherapp.StateSpec" tests="1" skipped="0" failures="0" errors="0" timestamp="2017-03-16T19:50:38" hostname="oevbuoma-XPS-L421X" time="0.432">
  <properties/>
  <testcase name="test something" classname="com.marylandweatherapp.StateSpec" time="0.432"/>
  <system-out><![CDATA[]]></system-out>
  <system-err><![CDATA[]]></system-err>
</testsuite>
